info it worked if it ends with ok
verbose cli [ 'node', '/usr/local/bin/npm', 'view', 'node' ]
info using npm@1.1.16
info using node@v0.6.14
verbose config file /Users/ness/.npmrc
verbose config file /usr/local/etc/npmrc
verbose config file /usr/local/lib/node_modules/npm/npmrc
verbose raw, before any munging node
verbose url resolving [ 'https://registry.npmjs.org/', './node' ]
verbose url resolved https://registry.npmjs.org/node
http GET https://registry.npmjs.org/node
http 404 https://registry.npmjs.org/node
silly get cb [ 404,
silly get cb   { server: 'CouchDB/1.2.0 (Erlang OTP/R15B)',
silly get cb     date: 'Sun, 29 Apr 2012 03:18:45 GMT',
silly get cb     'content-type': 'application/json',
silly get cb     'content-length': '52',
silly get cb     'cache-control': 'must-revalidate' } ]
ERR! 404 'node' is not in the npm registry.
ERR! 404 You should bug the author to publish it
ERR! 404 Note that you can also install from a
ERR! 404 tarball, folder, or http url, or git url.
ERR! 
ERR! System Darwin 11.3.0
ERR! command "node" "/usr/local/bin/npm" "view" "node"
ERR! cwd /Users/ness/CodeProjects/node/node-scbuildanalyzer
ERR! node -v v0.6.14
ERR! npm -v 1.1.16
ERR! code E404
ERR! message 404 Not Found: node
ERR! errno {}
verbose exit [ 1, true ]
